<?xml version="1.0" encoding="UTF-8"?>
<testsuites name="Success_Luồng Thuận" time="14.84" tests="1" failures="0" errors="0">
   <testsuite name="Success_Luồng Thuận" tests="1" failures="0" errors="0" time="14.84" skipped="0" timestamp="2023-11-21 14:20:50" hostname="minhhv2 - HO-MINHHV2.ho.msb.com.vn" id="Test Suites/TSs_Luồng cấp mới/Success_Luồng Thuận">
      <properties>
         <property name="deviceName" value=""/>
         <property name="devicePlatform" value=""/>
         <property name="logFolder" value="D:\\MSB\\BPM\\Katalon\\Katalon_BPM_BOSBO\\Reports\\20231121_142048\\TSs_Lu\u1ED3ng c\u1EA5p m\u1EDBi\\Success_Lu\u1ED3ng Thu\u1EADn\\20231121_142048"/>
         <property name="logFiles" value="D:\\MSB\\BPM\\Katalon\\Katalon_BPM_BOSBO\\Reports\\20231121_142048\\TSs_Lu\u1ED3ng c\u1EA5p m\u1EDBi\\Success_Lu\u1ED3ng Thu\u1EADn\\20231121_142048\\execution0.log"/>
         <property name="attachments" value=""/>
         <property name="hostName" value="minhhv2 - HO-MINHHV2.ho.msb.com.vn"/>
         <property name="os" value="Windows 10 64bit"/>
         <property name="katalonVersion" value="9.0.0.212"/>
         <property name="browser" value="Chrome 119.0.0.0"/>
         <property name="hostAddress" value="10.2.64.166"/>
         <property name="sessionId" value="34f415629c88189dfbda327ff3e12ebd"/>
         <property name="seleniumVersion" value="3.141.59"/>
         <property name="proxyInformation" value="ProxyInformation { proxyOption=NO_PROXY, proxyServerType=HTTP, username=, password=********, proxyServerAddress=, proxyServerPort=0, executionList=&quot;&quot;, isApplyToDesiredCapabilities=true }"/>
         <property name="platform" value="Windows 10"/>
      </properties>
      <testcase name="Test Cases/TCs_Luồng cấp mới/TCs_Tìm kiếm và khởi tạo/TCs_Tìm kiếm" time="14.727" classname="Test Cases/TCs_Luồng cấp mới/TCs_Tìm kiếm và khởi tạo/TCs_Tìm kiếm" status="PASSED">
         <system-out><![CDATA[2023-11-21 14:20:51 - [TEST_CASE][PASSED] - Test Cases/TCs_Luồng cấp mới/TCs_Tìm kiếm và khởi tạo/TCs_Tìm kiếm: Test Cases/TCs_Luồng cấp mới/TCs_Tìm kiếm và khởi tạo/TCs_Tìm kiếm

2023-11-21 14:20:51 - [TEST_STEP][PASSED] - callTestCase(findTestCase("TCs_Luồng cấp mới/TCs_Truy cập khay/TCs_Truy cập khay_Yêu cầu cần xử lý"), [:], STOP_ON_FAILURE): Call Test Case 'Test Cases/TCs_Luồng cấp mới/TCs_Truy cập khay/TCs_Truy cập khay_Yêu cầu cần xử lý' successfully

2023-11-21 14:20:51 - [TEST_CASE][PASSED] - Test Cases/TCs_Luồng cấp mới/TCs_Truy cập khay/TCs_Truy cập khay_Yêu cầu cần xử lý: Test Cases/TCs_Luồng cấp mới/TCs_Truy cập khay/TCs_Truy cập khay_Yêu cầu cần xử lý

2023-11-21 14:20:51 - [TEST_STEP][PASSED] - callTestCase(findTestCase("TCs_Luồng cấp mới/TCs_Đăng nhập/Login_Role RM"), ["username_rm":"maidt11_rm", "password_rm":"HeCM15nHKBI="], STOP_ON_FAILURE): Call Test Case 'Test Cases/TCs_Luồng cấp mới/TCs_Đăng nhập/Login_Role RM' successfully

2023-11-21 14:20:51 - [TEST_CASE][PASSED] - Test Cases/TCs_Luồng cấp mới/TCs_Đăng nhập/Login_Role RM: Test Cases/TCs_Luồng cấp mới/TCs_Đăng nhập/Login_Role RM

2023-11-21 14:20:51 - [TEST_STEP][PASSED] - openBrowser(""): Browser is opened with url: ''

2023-11-21 14:20:51 - [MESSAGE][INFO] - Starting 'Chrome' driver

2023-11-21 14:20:51 - [MESSAGE][INFO] - Action delay is set to 0 milliseconds

2023-11-21 14:20:53 - [MESSAGE][PASSED] - Browser is opened with url: ''

2023-11-21 14:20:53 - [TEST_STEP][PASSED] - navigateToUrl(sit_url): Navigate to 'https://digilending-sit.msb.com.vn/v2/' successfully

2023-11-21 14:20:55 - [MESSAGE][PASSED] - Navigate to 'https://digilending-sit.msb.com.vn/v2/' successfully

2023-11-21 14:20:55 - [TEST_STEP][PASSED] - maximizeWindow(): Current window maximized

2023-11-21 14:20:55 - [MESSAGE][PASSED] - Current window maximized

2023-11-21 14:20:55 - [TEST_STEP][PASSED] - setText(findTestObject("Object Repository/Screen_Đăng nhập/input_tài khoản"), username_rm): Text 'maidt11_rm' is set on object 'Object Repository/Screen_Đăng nhập/input_tài khoản'

2023-11-21 14:20:56 - [MESSAGE][PASSED] - Text 'maidt11_rm' is set on object 'Object Repository/Screen_Đăng nhập/input_tài khoản'

2023-11-21 14:20:56 - [TEST_STEP][PASSED] - setEncryptedText(findTestObject("Object Repository/Screen_Đăng nhập/input_mật khẩu"), password_rm): Text ****** has been set on object 'Object Repository/Screen_Đăng nhập/input_mật khẩu'

2023-11-21 14:20:56 - [MESSAGE][PASSED] - Text ****** has been set on object 'Object Repository/Screen_Đăng nhập/input_mật khẩu'

2023-11-21 14:20:56 - [TEST_STEP][PASSED] - click(findTestObject("Screen_Đăng nhập/button_đăng nhập")): Object: 'Object Repository/Screen_Đăng nhập/button_đăng nhập' is clicked on

2023-11-21 14:20:56 - [MESSAGE][PASSED] - Object: 'Object Repository/Screen_Đăng nhập/button_đăng nhập' is clicked on

2023-11-21 14:20:56 - [MESSAGE][PASSED] - Call Test Case 'Test Cases/TCs_Luồng cấp mới/TCs_Đăng nhập/Login_Role RM' successfully

2023-11-21 14:20:56 - [TEST_STEP][PASSED] - click(findTestObject("Sidebar_Khay/sidebar_Yêu cầu đang xử lý")): Object: 'Object Repository/Sidebar_Khay/sidebar_Yêu cầu đang xử lý' is clicked on

2023-11-21 14:20:58 - [MESSAGE][PASSED] - Object: 'Object Repository/Sidebar_Khay/sidebar_Yêu cầu đang xử lý' is clicked on

2023-11-21 14:20:58 - [TEST_STEP][PASSED] - waitForElementNotPresent(findTestObject("Sidebar_Khay/Toast_Thông báo cài extension"), 120): Web element with id: 'Object Repository/Sidebar_Khay/Toast_Thông báo cài extension' located by 'By.xpath: //div[@role='alert']' is not present after '120' second(s)

2023-11-21 14:21:03 - [MESSAGE][PASSED] - Web element with id: 'Object Repository/Sidebar_Khay/Toast_Thông báo cài extension' located by 'By.xpath: //div[@role='alert']' is not present after '120' second(s)

2023-11-21 14:21:03 - [MESSAGE][PASSED] - Call Test Case 'Test Cases/TCs_Luồng cấp mới/TCs_Truy cập khay/TCs_Truy cập khay_Yêu cầu cần xử lý' successfully

2023-11-21 14:21:03 - [TEST_STEP][PASSED] - click(findTestObject("Sidebar_Khay/Button_Tạo yêu cầu")): Object: 'Object Repository/Sidebar_Khay/Button_Tạo yêu cầu' is clicked on

2023-11-21 14:21:04 - [MESSAGE][PASSED] - Object: 'Object Repository/Sidebar_Khay/Button_Tạo yêu cầu' is clicked on

2023-11-21 14:21:04 - [TEST_STEP][PASSED] - setText(findTestObject("Sidebar_Khay/Textbox_Mã định danh"), ma_dinh_danh_1111): Text '1111' is set on object 'Object Repository/Sidebar_Khay/Textbox_Mã định danh'

2023-11-21 14:21:04 - [MESSAGE][PASSED] - Text '1111' is set on object 'Object Repository/Sidebar_Khay/Textbox_Mã định danh'

2023-11-21 14:21:04 - [TEST_STEP][PASSED] - click(findTestObject("Sidebar_Khay/Button_Tìm kiếm")): Object: 'Object Repository/Sidebar_Khay/Button_Tìm kiếm' is clicked on

2023-11-21 14:21:05 - [MESSAGE][PASSED] - Object: 'Object Repository/Sidebar_Khay/Button_Tìm kiếm' is clicked on]]></system-out>
         <system-err><![CDATA[]]></system-err>
      </testcase>
      <system-out><![CDATA[2023-11-21 14:20:50 - [TEST_SUITE][PASSED] - Success_Luồng Thuận: Test Cases/TCs_Luồng cấp mới/TCs_Tìm kiếm và khởi tạo/TCs_Tìm kiếm]]></system-out>
      <system-err><![CDATA[]]></system-err>
   </testsuite>
</testsuites>
