<?xml version="1.0" encoding="UTF-8"?>
<testsuites name="Success_Luồng Thuận" time="51.158" tests="1" failures="0" errors="0">
   <testsuite name="Success_Luồng Thuận" tests="1" failures="0" errors="0" time="51.158" skipped="0" timestamp="2023-11-22 16:36:37" hostname="minhhv2 - HO-MINHHV2.ho.msb.com.vn" id="Test Suites/TSs_Luồng cấp mới/Success_Luồng Thuận">
      <properties>
         <property name="deviceName" value=""/>
         <property name="devicePlatform" value=""/>
         <property name="logFolder" value="D:\\MSB\\BPM\\Katalon\\Katalon_BPM_BOSBO\\Reports\\20231122_163633\\TSs_Lu\u1ED3ng c\u1EA5p m\u1EDBi\\Success_Lu\u1ED3ng Thu\u1EADn\\20231122_163634"/>
         <property name="logFiles" value="D:\\MSB\\BPM\\Katalon\\Katalon_BPM_BOSBO\\Reports\\20231122_163633\\TSs_Lu\u1ED3ng c\u1EA5p m\u1EDBi\\Success_Lu\u1ED3ng Thu\u1EADn\\20231122_163634\\execution0.log"/>
         <property name="attachments" value=""/>
         <property name="hostName" value="minhhv2 - HO-MINHHV2.ho.msb.com.vn"/>
         <property name="os" value="Windows 10 64bit"/>
         <property name="katalonVersion" value="9.0.0.212"/>
         <property name="browser" value="Chrome 119.0.0.0"/>
         <property name="hostAddress" value="10.2.64.166"/>
         <property name="sessionId" value="18cbccabf3549bf389d3c0fba11a4d32"/>
         <property name="seleniumVersion" value="3.141.59"/>
         <property name="proxyInformation" value="ProxyInformation { proxyOption=NO_PROXY, proxyServerType=HTTP, username=, password=********, proxyServerAddress=, proxyServerPort=0, executionList=&quot;&quot;, isApplyToDesiredCapabilities=true }"/>
         <property name="platform" value="Windows 10"/>
      </properties>
      <testcase name="Test Cases/TCs_Luồng cấp mới/TCs_Nhập dữ liệu_Thông tin hồ sơ/TCs_Nhập dữ liệu_Thông tin hồ sơ_Thông tin khởi tạo" time="51.043" classname="Test Cases/TCs_Luồng cấp mới/TCs_Nhập dữ liệu_Thông tin hồ sơ/TCs_Nhập dữ liệu_Thông tin hồ sơ_Thông tin khởi tạo" status="PASSED">
         <system-out><![CDATA[2023-11-22 16:36:37 - [TEST_CASE][PASSED] - Test Cases/TCs_Luồng cấp mới/TCs_Nhập dữ liệu_Thông tin hồ sơ/TCs_Nhập dữ liệu_Thông tin hồ sơ_Thông tin khởi tạo: Test Cases/TCs_Luồng cấp mới/TCs_Nhập dữ liệu_Thông tin hồ sơ/TCs_Nhập dữ liệu_Thông tin hồ sơ_Thông tin khởi tạo

2023-11-22 16:36:37 - [TEST_STEP][PASSED] - callTestCase(findTestCase("TCs_Luồng cấp mới/TCs_Tìm kiếm và khởi tạo/TCs_Khởi tạo yêu cầu"), [:], STOP_ON_FAILURE): Call Test Case 'Test Cases/TCs_Luồng cấp mới/TCs_Tìm kiếm và khởi tạo/TCs_Khởi tạo yêu cầu' successfully

2023-11-22 16:36:37 - [TEST_CASE][PASSED] - Test Cases/TCs_Luồng cấp mới/TCs_Tìm kiếm và khởi tạo/TCs_Khởi tạo yêu cầu: Test Cases/TCs_Luồng cấp mới/TCs_Tìm kiếm và khởi tạo/TCs_Khởi tạo yêu cầu

2023-11-22 16:36:37 - [TEST_STEP][PASSED] - callTestCase(findTestCase("TCs_Luồng cấp mới/TCs_Tìm kiếm và khởi tạo/TCs_Tìm kiếm"), ["ma_dinh_danh_1111":"1111"], STOP_ON_FAILURE): Call Test Case 'Test Cases/TCs_Luồng cấp mới/TCs_Tìm kiếm và khởi tạo/TCs_Tìm kiếm' successfully

2023-11-22 16:36:37 - [TEST_CASE][PASSED] - Test Cases/TCs_Luồng cấp mới/TCs_Tìm kiếm và khởi tạo/TCs_Tìm kiếm: Test Cases/TCs_Luồng cấp mới/TCs_Tìm kiếm và khởi tạo/TCs_Tìm kiếm

2023-11-22 16:36:37 - [TEST_STEP][PASSED] - callTestCase(findTestCase("TCs_Luồng cấp mới/TCs_Truy cập khay/TCs_Truy cập khay_Yêu cầu cần xử lý"), [:], STOP_ON_FAILURE): Call Test Case 'Test Cases/TCs_Luồng cấp mới/TCs_Truy cập khay/TCs_Truy cập khay_Yêu cầu cần xử lý' successfully

2023-11-22 16:36:38 - [TEST_CASE][PASSED] - Test Cases/TCs_Luồng cấp mới/TCs_Truy cập khay/TCs_Truy cập khay_Yêu cầu cần xử lý: Test Cases/TCs_Luồng cấp mới/TCs_Truy cập khay/TCs_Truy cập khay_Yêu cầu cần xử lý

2023-11-22 16:36:38 - [TEST_STEP][PASSED] - callTestCase(findTestCase("TCs_Luồng cấp mới/TCs_Đăng nhập/Login_Role RM"), ["username_rm":"maidt11_rm", "password_rm":"HeCM15nHKBI="], STOP_ON_FAILURE): Call Test Case 'Test Cases/TCs_Luồng cấp mới/TCs_Đăng nhập/Login_Role RM' successfully

2023-11-22 16:36:38 - [TEST_CASE][PASSED] - Test Cases/TCs_Luồng cấp mới/TCs_Đăng nhập/Login_Role RM: Test Cases/TCs_Luồng cấp mới/TCs_Đăng nhập/Login_Role RM

2023-11-22 16:36:38 - [TEST_STEP][PASSED] - openBrowser(""): Browser is opened with url: ''

2023-11-22 16:36:38 - [MESSAGE][INFO] - Starting 'Chrome' driver

2023-11-22 16:36:38 - [MESSAGE][INFO] - Action delay is set to 0 milliseconds

2023-11-22 16:36:39 - [MESSAGE][PASSED] - Browser is opened with url: ''

2023-11-22 16:36:39 - [TEST_STEP][PASSED] - navigateToUrl(sit_url): Navigate to 'https://digilending-sit.msb.com.vn/v2/' successfully

2023-11-22 16:36:42 - [MESSAGE][PASSED] - Navigate to 'https://digilending-sit.msb.com.vn/v2/' successfully

2023-11-22 16:36:42 - [TEST_STEP][PASSED] - maximizeWindow(): Current window maximized

2023-11-22 16:36:42 - [MESSAGE][PASSED] - Current window maximized

2023-11-22 16:36:42 - [TEST_STEP][PASSED] - setText(findTestObject("Screen_Đăng nhập/input_Tài khoản"), username_rm): Text 'maidt11_rm' is set on object 'Object Repository/Screen_Đăng nhập/input_Tài khoản'

2023-11-22 16:36:42 - [MESSAGE][PASSED] - Text 'maidt11_rm' is set on object 'Object Repository/Screen_Đăng nhập/input_Tài khoản'

2023-11-22 16:36:42 - [TEST_STEP][PASSED] - setEncryptedText(findTestObject("Screen_Đăng nhập/input_Mật khẩu"), password_rm): Text ****** has been set on object 'Object Repository/Screen_Đăng nhập/input_Mật khẩu'

2023-11-22 16:36:43 - [MESSAGE][PASSED] - Text ****** has been set on object 'Object Repository/Screen_Đăng nhập/input_Mật khẩu'

2023-11-22 16:36:43 - [TEST_STEP][PASSED] - click(findTestObject("Screen_Đăng nhập/button_Đăng nhập")): Object: 'Object Repository/Screen_Đăng nhập/button_Đăng nhập' is clicked on

2023-11-22 16:36:43 - [MESSAGE][PASSED] - Object: 'Object Repository/Screen_Đăng nhập/button_Đăng nhập' is clicked on

2023-11-22 16:36:43 - [MESSAGE][PASSED] - Call Test Case 'Test Cases/TCs_Luồng cấp mới/TCs_Đăng nhập/Login_Role RM' successfully

2023-11-22 16:36:43 - [TEST_STEP][PASSED] - click(findTestObject("Sidebar_Khay/sidebar_Yêu cầu đang xử lý")): Object: 'Object Repository/Sidebar_Khay/sidebar_Yêu cầu đang xử lý' is clicked on

2023-11-22 16:36:45 - [MESSAGE][PASSED] - Object: 'Object Repository/Sidebar_Khay/sidebar_Yêu cầu đang xử lý' is clicked on

2023-11-22 16:36:45 - [TEST_STEP][PASSED] - waitForElementNotPresent(findTestObject("Sidebar_Khay/toast_Thông báo cài extension"), 120): Web element with id: 'Object Repository/Sidebar_Khay/toast_Thông báo cài extension' located by 'By.xpath: //div[@role='alert']' is not present after '120' second(s)

2023-11-22 16:36:50 - [MESSAGE][PASSED] - Web element with id: 'Object Repository/Sidebar_Khay/toast_Thông báo cài extension' located by 'By.xpath: //div[@role='alert']' is not present after '120' second(s)

2023-11-22 16:36:50 - [MESSAGE][PASSED] - Call Test Case 'Test Cases/TCs_Luồng cấp mới/TCs_Truy cập khay/TCs_Truy cập khay_Yêu cầu cần xử lý' successfully

2023-11-22 16:36:50 - [TEST_STEP][PASSED] - click(findTestObject("Sidebar_Khay/button_Tạo yêu cầu")): Object: 'Object Repository/Sidebar_Khay/button_Tạo yêu cầu' is clicked on

2023-11-22 16:36:51 - [MESSAGE][PASSED] - Object: 'Object Repository/Sidebar_Khay/button_Tạo yêu cầu' is clicked on

2023-11-22 16:36:51 - [TEST_STEP][PASSED] - setText(findTestObject("Sidebar_Khay/textbox_Mã định danh"), ma_dinh_danh_1111): Text '1111' is set on object 'Object Repository/Sidebar_Khay/textbox_Mã định danh'

2023-11-22 16:36:51 - [MESSAGE][PASSED] - Text '1111' is set on object 'Object Repository/Sidebar_Khay/textbox_Mã định danh'

2023-11-22 16:36:51 - [TEST_STEP][PASSED] - click(findTestObject("Sidebar_Khay/button_Tìm kiếm")): Object: 'Object Repository/Sidebar_Khay/button_Tìm kiếm' is clicked on

2023-11-22 16:36:52 - [MESSAGE][PASSED] - Object: 'Object Repository/Sidebar_Khay/button_Tìm kiếm' is clicked on

2023-11-22 16:36:52 - [MESSAGE][PASSED] - Call Test Case 'Test Cases/TCs_Luồng cấp mới/TCs_Tìm kiếm và khởi tạo/TCs_Tìm kiếm' successfully

2023-11-22 16:36:52 - [TEST_STEP][PASSED] - click(findTestObject("Sidebar_Khay/button_Tạo hồ sơ")): Object: 'Object Repository/Sidebar_Khay/button_Tạo hồ sơ' is clicked on

2023-11-22 16:36:54 - [MESSAGE][PASSED] - Object: 'Object Repository/Sidebar_Khay/button_Tạo hồ sơ' is clicked on

2023-11-22 16:36:54 - [TEST_STEP][PASSED] - waitForElementNotPresent(findTestObject("Sidebar_Khay/pageLoading_Đang xử lý"), 120): Web element with id: 'Object Repository/Sidebar_Khay/pageLoading_Đang xử lý' located by 'By.xpath: //div[contains(@class,'overlay') and contains(@class,'ng-trigger')]' is not present after '120' second(s)

2023-11-22 16:37:03 - [MESSAGE][PASSED] - Web element with id: 'Object Repository/Sidebar_Khay/pageLoading_Đang xử lý' located by 'By.xpath: //div[contains(@class,'overlay') and contains(@class,'ng-trigger')]' is not present after '120' second(s)

2023-11-22 16:37:03 - [TEST_STEP][PASSED] - click(findTestObject("Sidebar_Khay/button_Tạo mới")): Object: 'Object Repository/Sidebar_Khay/button_Tạo mới' is clicked on

2023-11-22 16:37:03 - [MESSAGE][PASSED] - Object: 'Object Repository/Sidebar_Khay/button_Tạo mới' is clicked on

2023-11-22 16:37:03 - [MESSAGE][PASSED] - Call Test Case 'Test Cases/TCs_Luồng cấp mới/TCs_Tìm kiếm và khởi tạo/TCs_Khởi tạo yêu cầu' successfully

2023-11-22 16:37:03 - [TEST_STEP][PASSED] - click(findTestObject("Screen_Chi tiết yêu cầu/Screen_Chi tiết yêu cầu_Tab Thông tin hồ sơ/Screen_Chi tiết yêu cầu_Tab Thông tin hồ sơ_Subtab Thông tin khởi tạo/droplist_Luồng phê duyệt")): Object: 'Object Repository/Screen_Chi tiết yêu cầu/Screen_Chi tiết yêu cầu_Tab Thông tin hồ sơ/Screen_Chi tiết yêu cầu_Tab Thông tin hồ sơ_Subtab Thông tin khởi tạo/droplist_Luồng phê duyệt' is clicked on

2023-11-22 16:37:24 - [MESSAGE][PASSED] - Object: 'Object Repository/Screen_Chi tiết yêu cầu/Screen_Chi tiết yêu cầu_Tab Thông tin hồ sơ/Screen_Chi tiết yêu cầu_Tab Thông tin hồ sơ_Subtab Thông tin khởi tạo/droplist_Luồng phê duyệt' is clicked on

2023-11-22 16:37:24 - [TEST_STEP][PASSED] - click(findTestObject("Screen_Chi tiết yêu cầu/Screen_Chi tiết yêu cầu_Tab Thông tin hồ sơ/Screen_Chi tiết yêu cầu_Tab Thông tin hồ sơ_Subtab Thông tin khởi tạo/droplistItem_Luồng phê duyệt_Luồng phê duyệt tại HO")): Object: 'Object Repository/Screen_Chi tiết yêu cầu/Screen_Chi tiết yêu cầu_Tab Thông tin hồ sơ/Screen_Chi tiết yêu cầu_Tab Thông tin hồ sơ_Subtab Thông tin khởi tạo/droplistItem_Luồng phê duyệt_Luồng phê duyệt tại HO' is clicked on

2023-11-22 16:37:24 - [MESSAGE][PASSED] - Object: 'Object Repository/Screen_Chi tiết yêu cầu/Screen_Chi tiết yêu cầu_Tab Thông tin hồ sơ/Screen_Chi tiết yêu cầu_Tab Thông tin hồ sơ_Subtab Thông tin khởi tạo/droplistItem_Luồng phê duyệt_Luồng phê duyệt tại HO' is clicked on

2023-11-22 16:37:24 - [TEST_STEP][PASSED] - click(findTestObject("Screen_Chi tiết yêu cầu/Screen_Chi tiết yêu cầu_Tab Thông tin hồ sơ/Screen_Chi tiết yêu cầu_Tab Thông tin hồ sơ_Subtab Thông tin khởi tạo/droplist_Luồng trình")): Object: 'Object Repository/Screen_Chi tiết yêu cầu/Screen_Chi tiết yêu cầu_Tab Thông tin hồ sơ/Screen_Chi tiết yêu cầu_Tab Thông tin hồ sơ_Subtab Thông tin khởi tạo/droplist_Luồng trình' is clicked on

2023-11-22 16:37:25 - [MESSAGE][PASSED] - Object: 'Object Repository/Screen_Chi tiết yêu cầu/Screen_Chi tiết yêu cầu_Tab Thông tin hồ sơ/Screen_Chi tiết yêu cầu_Tab Thông tin hồ sơ_Subtab Thông tin khởi tạo/droplist_Luồng trình' is clicked on

2023-11-22 16:37:25 - [TEST_STEP][PASSED] - click(findTestObject("Screen_Chi tiết yêu cầu/Screen_Chi tiết yêu cầu_Tab Thông tin hồ sơ/Screen_Chi tiết yêu cầu_Tab Thông tin hồ sơ_Subtab Thông tin khởi tạo/droplistItem_Luồng trình_Luồng thường")): Object: 'Object Repository/Screen_Chi tiết yêu cầu/Screen_Chi tiết yêu cầu_Tab Thông tin hồ sơ/Screen_Chi tiết yêu cầu_Tab Thông tin hồ sơ_Subtab Thông tin khởi tạo/droplistItem_Luồng trình_Luồng thường' is clicked on

2023-11-22 16:37:26 - [MESSAGE][PASSED] - Object: 'Object Repository/Screen_Chi tiết yêu cầu/Screen_Chi tiết yêu cầu_Tab Thông tin hồ sơ/Screen_Chi tiết yêu cầu_Tab Thông tin hồ sơ_Subtab Thông tin khởi tạo/droplistItem_Luồng trình_Luồng thường' is clicked on

2023-11-22 16:37:26 - [TEST_STEP][PASSED] - click(findTestObject("Screen_Chi tiết yêu cầu/Screen_Chi tiết yêu cầu_Tab Thông tin hồ sơ/Screen_Chi tiết yêu cầu_Tab Thông tin hồ sơ_Subtab Thông tin khởi tạo/droplist_Phân khúc khách hàng")): Object: 'Object Repository/Screen_Chi tiết yêu cầu/Screen_Chi tiết yêu cầu_Tab Thông tin hồ sơ/Screen_Chi tiết yêu cầu_Tab Thông tin hồ sơ_Subtab Thông tin khởi tạo/droplist_Phân khúc khách hàng' is clicked on

2023-11-22 16:37:26 - [MESSAGE][PASSED] - Object: 'Object Repository/Screen_Chi tiết yêu cầu/Screen_Chi tiết yêu cầu_Tab Thông tin hồ sơ/Screen_Chi tiết yêu cầu_Tab Thông tin hồ sơ_Subtab Thông tin khởi tạo/droplist_Phân khúc khách hàng' is clicked on

2023-11-22 16:37:26 - [TEST_STEP][PASSED] - click(findTestObject("Screen_Chi tiết yêu cầu/Screen_Chi tiết yêu cầu_Tab Thông tin hồ sơ/Screen_Chi tiết yêu cầu_Tab Thông tin hồ sơ_Subtab Thông tin khởi tạo/droplistItem_Phân khúc khách hàng_SBO")): Object: 'Object Repository/Screen_Chi tiết yêu cầu/Screen_Chi tiết yêu cầu_Tab Thông tin hồ sơ/Screen_Chi tiết yêu cầu_Tab Thông tin hồ sơ_Subtab Thông tin khởi tạo/droplistItem_Phân khúc khách hàng_SBO' is clicked on

2023-11-22 16:37:27 - [MESSAGE][PASSED] - Object: 'Object Repository/Screen_Chi tiết yêu cầu/Screen_Chi tiết yêu cầu_Tab Thông tin hồ sơ/Screen_Chi tiết yêu cầu_Tab Thông tin hồ sơ_Subtab Thông tin khởi tạo/droplistItem_Phân khúc khách hàng_SBO' is clicked on

2023-11-22 16:37:27 - [TEST_STEP][PASSED] - setText(findTestObject("Screen_Chi tiết yêu cầu/Screen_Chi tiết yêu cầu_Tab Thông tin hồ sơ/Screen_Chi tiết yêu cầu_Tab Thông tin hồ sơ_Subtab Thông tin khởi tạo/textbox_Mã đối tác"), MaDoiTac_Valid): Text '000123' is set on object 'Object Repository/Screen_Chi tiết yêu cầu/Screen_Chi tiết yêu cầu_Tab Thông tin hồ sơ/Screen_Chi tiết yêu cầu_Tab Thông tin hồ sơ_Subtab Thông tin khởi tạo/textbox_Mã đối tác'

2023-11-22 16:37:28 - [MESSAGE][PASSED] - Text '000123' is set on object 'Object Repository/Screen_Chi tiết yêu cầu/Screen_Chi tiết yêu cầu_Tab Thông tin hồ sơ/Screen_Chi tiết yêu cầu_Tab Thông tin hồ sơ_Subtab Thông tin khởi tạo/textbox_Mã đối tác'

2023-11-22 16:37:28 - [TEST_STEP][PASSED] - click(findTestObject("Screen_Chi tiết yêu cầu/Screen_Chi tiết yêu cầu_Các action xử lý/button_Lưu")): Object: 'Object Repository/Screen_Chi tiết yêu cầu/Screen_Chi tiết yêu cầu_Các action xử lý/button_Lưu' is clicked on

2023-11-22 16:37:28 - [MESSAGE][PASSED] - Object: 'Object Repository/Screen_Chi tiết yêu cầu/Screen_Chi tiết yêu cầu_Các action xử lý/button_Lưu' is clicked on]]></system-out>
         <system-err><![CDATA[]]></system-err>
      </testcase>
      <system-out><![CDATA[2023-11-22 16:36:37 - [TEST_SUITE][PASSED] - Success_Luồng Thuận: Test Cases/TCs_Luồng cấp mới/TCs_Nhập dữ liệu_Thông tin hồ sơ/TCs_Nhập dữ liệu_Thông tin hồ sơ_Thông tin khởi tạo]]></system-out>
      <system-err><![CDATA[]]></system-err>
   </testsuite>
</testsuites>
