<?xml version="1.0" encoding="UTF-8"?>
<testsuites name="Success_Luồng Thuận" time="50.11" tests="4" failures="0" errors="0">
   <testsuite name="Success_Luồng Thuận" tests="4" failures="0" errors="0" time="50.11" skipped="0" timestamp="2023-11-21 14:18:15" hostname="minhhv2 - HO-MINHHV2.ho.msb.com.vn" id="Test Suites/TSs_Luồng cấp mới/Success_Luồng Thuận">
      <properties>
         <property name="deviceName" value=""/>
         <property name="devicePlatform" value=""/>
         <property name="logFolder" value="D:\\MSB\\BPM\\Katalon\\Katalon_BPM_BOSBO\\Reports\\20231121_141811\\TSs_Lu\u1ED3ng c\u1EA5p m\u1EDBi\\Success_Lu\u1ED3ng Thu\u1EADn\\20231121_141812"/>
         <property name="logFiles" value="D:\\MSB\\BPM\\Katalon\\Katalon_BPM_BOSBO\\Reports\\20231121_141811\\TSs_Lu\u1ED3ng c\u1EA5p m\u1EDBi\\Success_Lu\u1ED3ng Thu\u1EADn\\20231121_141812\\execution0.log"/>
         <property name="attachments" value=""/>
         <property name="hostName" value="minhhv2 - HO-MINHHV2.ho.msb.com.vn"/>
         <property name="os" value="Windows 10 64bit"/>
         <property name="katalonVersion" value="9.0.0.212"/>
         <property name="browser" value="Chrome 119.0.0.0"/>
         <property name="hostAddress" value="10.2.64.166"/>
         <property name="sessionId" value="d19fadcb9763a6874e2c05a281526a68"/>
         <property name="seleniumVersion" value="3.141.59"/>
         <property name="proxyInformation" value="ProxyInformation { proxyOption=NO_PROXY, proxyServerType=HTTP, username=, password=********, proxyServerAddress=, proxyServerPort=0, executionList=&quot;&quot;, isApplyToDesiredCapabilities=true }"/>
         <property name="platform" value="Windows 10"/>
      </properties>
      <testcase name="Test Cases/TCs_Luồng cấp mới/TCs_Đăng nhập/Login_Role RM" time="5.884" classname="Test Cases/TCs_Luồng cấp mới/TCs_Đăng nhập/Login_Role RM" status="PASSED">
         <system-out><![CDATA[2023-11-21 14:18:15 - [TEST_CASE][PASSED] - Test Cases/TCs_Luồng cấp mới/TCs_Đăng nhập/Login_Role RM: Test Cases/TCs_Luồng cấp mới/TCs_Đăng nhập/Login_Role RM

2023-11-21 14:18:15 - [TEST_STEP][PASSED] - openBrowser(""): Browser is opened with url: ''

2023-11-21 14:18:15 - [MESSAGE][INFO] - Starting 'Chrome' driver

2023-11-21 14:18:15 - [MESSAGE][INFO] - Action delay is set to 0 milliseconds

2023-11-21 14:18:17 - [MESSAGE][PASSED] - Browser is opened with url: ''

2023-11-21 14:18:17 - [TEST_STEP][PASSED] - navigateToUrl(sit_url): Navigate to 'https://digilending-sit.msb.com.vn/v2/' successfully

2023-11-21 14:18:19 - [MESSAGE][PASSED] - Navigate to 'https://digilending-sit.msb.com.vn/v2/' successfully

2023-11-21 14:18:19 - [TEST_STEP][PASSED] - maximizeWindow(): Current window maximized

2023-11-21 14:18:20 - [MESSAGE][PASSED] - Current window maximized

2023-11-21 14:18:20 - [TEST_STEP][PASSED] - setText(findTestObject("Object Repository/Screen_Đăng nhập/input_tài khoản"), username_rm): Text 'maidt11_rm' is set on object 'Object Repository/Screen_Đăng nhập/input_tài khoản'

2023-11-21 14:18:20 - [MESSAGE][PASSED] - Text 'maidt11_rm' is set on object 'Object Repository/Screen_Đăng nhập/input_tài khoản'

2023-11-21 14:18:20 - [TEST_STEP][PASSED] - setEncryptedText(findTestObject("Object Repository/Screen_Đăng nhập/input_mật khẩu"), password_rm): Text ****** has been set on object 'Object Repository/Screen_Đăng nhập/input_mật khẩu'

2023-11-21 14:18:20 - [MESSAGE][PASSED] - Text ****** has been set on object 'Object Repository/Screen_Đăng nhập/input_mật khẩu'

2023-11-21 14:18:20 - [TEST_STEP][PASSED] - click(findTestObject("Screen_Đăng nhập/button_đăng nhập")): Object: 'Object Repository/Screen_Đăng nhập/button_đăng nhập' is clicked on

2023-11-21 14:18:21 - [MESSAGE][PASSED] - Object: 'Object Repository/Screen_Đăng nhập/button_đăng nhập' is clicked on]]></system-out>
         <system-err><![CDATA[]]></system-err>
      </testcase>
      <testcase name="Test Cases/TCs_Luồng cấp mới/TCs_Truy cập khay/TCs_Truy cập khay_Yêu cầu cần xử lý" time="12.128" classname="Test Cases/TCs_Luồng cấp mới/TCs_Truy cập khay/TCs_Truy cập khay_Yêu cầu cần xử lý" status="PASSED">
         <system-out><![CDATA[2023-11-21 14:18:21 - [TEST_CASE][PASSED] - Test Cases/TCs_Luồng cấp mới/TCs_Truy cập khay/TCs_Truy cập khay_Yêu cầu cần xử lý: Test Cases/TCs_Luồng cấp mới/TCs_Truy cập khay/TCs_Truy cập khay_Yêu cầu cần xử lý

2023-11-21 14:18:21 - [TEST_STEP][PASSED] - callTestCase(findTestCase("TCs_Luồng cấp mới/TCs_Đăng nhập/Login_Role RM"), ["username_rm":"maidt11_rm", "password_rm":"HeCM15nHKBI="], STOP_ON_FAILURE): Call Test Case 'Test Cases/TCs_Luồng cấp mới/TCs_Đăng nhập/Login_Role RM' successfully

2023-11-21 14:18:21 - [TEST_CASE][PASSED] - Test Cases/TCs_Luồng cấp mới/TCs_Đăng nhập/Login_Role RM: Test Cases/TCs_Luồng cấp mới/TCs_Đăng nhập/Login_Role RM

2023-11-21 14:18:21 - [TEST_STEP][PASSED] - openBrowser(""): Browser is opened with url: ''

2023-11-21 14:18:21 - [MESSAGE][WARNING] - A browser is already opened. Closing browser and opening a new one

2023-11-21 14:18:21 - [MESSAGE][INFO] - Starting 'Chrome' driver

2023-11-21 14:18:21 - [MESSAGE][INFO] - Action delay is set to 0 milliseconds

2023-11-21 14:18:22 - [MESSAGE][PASSED] - Browser is opened with url: ''

2023-11-21 14:18:22 - [TEST_STEP][PASSED] - navigateToUrl(sit_url): Navigate to 'https://digilending-sit.msb.com.vn/v2/' successfully

2023-11-21 14:18:24 - [MESSAGE][PASSED] - Navigate to 'https://digilending-sit.msb.com.vn/v2/' successfully

2023-11-21 14:18:24 - [TEST_STEP][PASSED] - maximizeWindow(): Current window maximized

2023-11-21 14:18:25 - [MESSAGE][PASSED] - Current window maximized

2023-11-21 14:18:25 - [TEST_STEP][PASSED] - setText(findTestObject("Object Repository/Screen_Đăng nhập/input_tài khoản"), username_rm): Text 'maidt11_rm' is set on object 'Object Repository/Screen_Đăng nhập/input_tài khoản'

2023-11-21 14:18:25 - [MESSAGE][PASSED] - Text 'maidt11_rm' is set on object 'Object Repository/Screen_Đăng nhập/input_tài khoản'

2023-11-21 14:18:25 - [TEST_STEP][PASSED] - setEncryptedText(findTestObject("Object Repository/Screen_Đăng nhập/input_mật khẩu"), password_rm): Text ****** has been set on object 'Object Repository/Screen_Đăng nhập/input_mật khẩu'

2023-11-21 14:18:25 - [MESSAGE][PASSED] - Text ****** has been set on object 'Object Repository/Screen_Đăng nhập/input_mật khẩu'

2023-11-21 14:18:25 - [TEST_STEP][PASSED] - click(findTestObject("Screen_Đăng nhập/button_đăng nhập")): Object: 'Object Repository/Screen_Đăng nhập/button_đăng nhập' is clicked on

2023-11-21 14:18:26 - [MESSAGE][PASSED] - Object: 'Object Repository/Screen_Đăng nhập/button_đăng nhập' is clicked on

2023-11-21 14:18:26 - [MESSAGE][PASSED] - Call Test Case 'Test Cases/TCs_Luồng cấp mới/TCs_Đăng nhập/Login_Role RM' successfully

2023-11-21 14:18:26 - [TEST_STEP][PASSED] - click(findTestObject("Sidebar_Khay/sidebar_Yêu cầu đang xử lý")): Object: 'Object Repository/Sidebar_Khay/sidebar_Yêu cầu đang xử lý' is clicked on

2023-11-21 14:18:28 - [MESSAGE][PASSED] - Object: 'Object Repository/Sidebar_Khay/sidebar_Yêu cầu đang xử lý' is clicked on

2023-11-21 14:18:28 - [TEST_STEP][PASSED] - waitForElementNotPresent(findTestObject("Sidebar_Khay/Toast_Thông báo cài extension"), 120): Web element with id: 'Object Repository/Sidebar_Khay/Toast_Thông báo cài extension' located by 'By.xpath: //div[@role='alert']' is not present after '120' second(s)

2023-11-21 14:18:33 - [MESSAGE][PASSED] - Web element with id: 'Object Repository/Sidebar_Khay/Toast_Thông báo cài extension' located by 'By.xpath: //div[@role='alert']' is not present after '120' second(s)]]></system-out>
         <system-err><![CDATA[]]></system-err>
      </testcase>
      <testcase name="Test Cases/TCs_Luồng cấp mới/TCs_Tìm kiếm và khởi tạo/TCs_Khởi tạo yêu cầu" time="18.163" classname="Test Cases/TCs_Luồng cấp mới/TCs_Tìm kiếm và khởi tạo/TCs_Khởi tạo yêu cầu" status="PASSED">
         <system-out><![CDATA[2023-11-21 14:18:33 - [TEST_CASE][PASSED] - Test Cases/TCs_Luồng cấp mới/TCs_Tìm kiếm và khởi tạo/TCs_Khởi tạo yêu cầu: Test Cases/TCs_Luồng cấp mới/TCs_Tìm kiếm và khởi tạo/TCs_Khởi tạo yêu cầu

2023-11-21 14:18:33 - [TEST_STEP][PASSED] - callTestCase(findTestCase("TCs_Luồng cấp mới/TCs_Tìm kiếm và khởi tạo/TCs_Tìm kiếm"), ["ma_dinh_danh_1111":"1111"], STOP_ON_FAILURE): Call Test Case 'Test Cases/TCs_Luồng cấp mới/TCs_Tìm kiếm và khởi tạo/TCs_Tìm kiếm' successfully

2023-11-21 14:18:33 - [TEST_CASE][PASSED] - Test Cases/TCs_Luồng cấp mới/TCs_Tìm kiếm và khởi tạo/TCs_Tìm kiếm: Test Cases/TCs_Luồng cấp mới/TCs_Tìm kiếm và khởi tạo/TCs_Tìm kiếm

2023-11-21 14:18:33 - [TEST_STEP][PASSED] - callTestCase(findTestCase("TCs_Luồng cấp mới/TCs_Truy cập khay/TCs_Truy cập khay_Yêu cầu cần xử lý"), [:], STOP_ON_FAILURE): Call Test Case 'Test Cases/TCs_Luồng cấp mới/TCs_Truy cập khay/TCs_Truy cập khay_Yêu cầu cần xử lý' successfully

2023-11-21 14:18:33 - [TEST_CASE][PASSED] - Test Cases/TCs_Luồng cấp mới/TCs_Truy cập khay/TCs_Truy cập khay_Yêu cầu cần xử lý: Test Cases/TCs_Luồng cấp mới/TCs_Truy cập khay/TCs_Truy cập khay_Yêu cầu cần xử lý

2023-11-21 14:18:33 - [TEST_STEP][PASSED] - callTestCase(findTestCase("TCs_Luồng cấp mới/TCs_Đăng nhập/Login_Role RM"), ["username_rm":"maidt11_rm", "password_rm":"HeCM15nHKBI="], STOP_ON_FAILURE): Call Test Case 'Test Cases/TCs_Luồng cấp mới/TCs_Đăng nhập/Login_Role RM' successfully

2023-11-21 14:18:33 - [TEST_CASE][PASSED] - Test Cases/TCs_Luồng cấp mới/TCs_Đăng nhập/Login_Role RM: Test Cases/TCs_Luồng cấp mới/TCs_Đăng nhập/Login_Role RM

2023-11-21 14:18:33 - [TEST_STEP][PASSED] - openBrowser(""): Browser is opened with url: ''

2023-11-21 14:18:33 - [MESSAGE][WARNING] - A browser is already opened. Closing browser and opening a new one

2023-11-21 14:18:34 - [MESSAGE][INFO] - Starting 'Chrome' driver

2023-11-21 14:18:34 - [MESSAGE][INFO] - Action delay is set to 0 milliseconds

2023-11-21 14:18:34 - [MESSAGE][PASSED] - Browser is opened with url: ''

2023-11-21 14:18:34 - [TEST_STEP][PASSED] - navigateToUrl(sit_url): Navigate to 'https://digilending-sit.msb.com.vn/v2/' successfully

2023-11-21 14:18:37 - [MESSAGE][PASSED] - Navigate to 'https://digilending-sit.msb.com.vn/v2/' successfully

2023-11-21 14:18:37 - [TEST_STEP][PASSED] - maximizeWindow(): Current window maximized

2023-11-21 14:18:37 - [MESSAGE][PASSED] - Current window maximized

2023-11-21 14:18:37 - [TEST_STEP][PASSED] - setText(findTestObject("Object Repository/Screen_Đăng nhập/input_tài khoản"), username_rm): Text 'maidt11_rm' is set on object 'Object Repository/Screen_Đăng nhập/input_tài khoản'

2023-11-21 14:18:38 - [MESSAGE][PASSED] - Text 'maidt11_rm' is set on object 'Object Repository/Screen_Đăng nhập/input_tài khoản'

2023-11-21 14:18:38 - [TEST_STEP][PASSED] - setEncryptedText(findTestObject("Object Repository/Screen_Đăng nhập/input_mật khẩu"), password_rm): Text ****** has been set on object 'Object Repository/Screen_Đăng nhập/input_mật khẩu'

2023-11-21 14:18:38 - [MESSAGE][PASSED] - Text ****** has been set on object 'Object Repository/Screen_Đăng nhập/input_mật khẩu'

2023-11-21 14:18:38 - [TEST_STEP][PASSED] - click(findTestObject("Screen_Đăng nhập/button_đăng nhập")): Object: 'Object Repository/Screen_Đăng nhập/button_đăng nhập' is clicked on

2023-11-21 14:18:38 - [MESSAGE][PASSED] - Object: 'Object Repository/Screen_Đăng nhập/button_đăng nhập' is clicked on

2023-11-21 14:18:38 - [MESSAGE][PASSED] - Call Test Case 'Test Cases/TCs_Luồng cấp mới/TCs_Đăng nhập/Login_Role RM' successfully

2023-11-21 14:18:38 - [TEST_STEP][PASSED] - click(findTestObject("Sidebar_Khay/sidebar_Yêu cầu đang xử lý")): Object: 'Object Repository/Sidebar_Khay/sidebar_Yêu cầu đang xử lý' is clicked on

2023-11-21 14:18:40 - [MESSAGE][PASSED] - Object: 'Object Repository/Sidebar_Khay/sidebar_Yêu cầu đang xử lý' is clicked on

2023-11-21 14:18:40 - [TEST_STEP][PASSED] - waitForElementNotPresent(findTestObject("Sidebar_Khay/Toast_Thông báo cài extension"), 120): Web element with id: 'Object Repository/Sidebar_Khay/Toast_Thông báo cài extension' located by 'By.xpath: //div[@role='alert']' is not present after '120' second(s)

2023-11-21 14:18:45 - [MESSAGE][PASSED] - Web element with id: 'Object Repository/Sidebar_Khay/Toast_Thông báo cài extension' located by 'By.xpath: //div[@role='alert']' is not present after '120' second(s)

2023-11-21 14:18:45 - [MESSAGE][PASSED] - Call Test Case 'Test Cases/TCs_Luồng cấp mới/TCs_Truy cập khay/TCs_Truy cập khay_Yêu cầu cần xử lý' successfully

2023-11-21 14:18:45 - [TEST_STEP][PASSED] - click(findTestObject("Sidebar_Khay/Button_Tạo yêu cầu")): Object: 'Object Repository/Sidebar_Khay/Button_Tạo yêu cầu' is clicked on

2023-11-21 14:18:46 - [MESSAGE][PASSED] - Object: 'Object Repository/Sidebar_Khay/Button_Tạo yêu cầu' is clicked on

2023-11-21 14:18:46 - [TEST_STEP][PASSED] - setText(findTestObject("Sidebar_Khay/Textbox_Mã định danh"), ma_dinh_danh_1111): Text '1111' is set on object 'Object Repository/Sidebar_Khay/Textbox_Mã định danh'

2023-11-21 14:18:47 - [MESSAGE][PASSED] - Text '1111' is set on object 'Object Repository/Sidebar_Khay/Textbox_Mã định danh'

2023-11-21 14:18:47 - [TEST_STEP][PASSED] - click(findTestObject("Sidebar_Khay/Button_Tìm kiếm")): Object: 'Object Repository/Sidebar_Khay/Button_Tìm kiếm' is clicked on

2023-11-21 14:18:47 - [MESSAGE][PASSED] - Object: 'Object Repository/Sidebar_Khay/Button_Tìm kiếm' is clicked on

2023-11-21 14:18:47 - [MESSAGE][PASSED] - Call Test Case 'Test Cases/TCs_Luồng cấp mới/TCs_Tìm kiếm và khởi tạo/TCs_Tìm kiếm' successfully

2023-11-21 14:18:47 - [TEST_STEP][PASSED] - click(findTestObject("Sidebar_Khay/Button_Tạo hồ sơ")): Object: 'Object Repository/Sidebar_Khay/Button_Tạo hồ sơ' is clicked on

2023-11-21 14:18:49 - [MESSAGE][PASSED] - Object: 'Object Repository/Sidebar_Khay/Button_Tạo hồ sơ' is clicked on

2023-11-21 14:18:49 - [TEST_STEP][PASSED] - waitForElementNotPresent(findTestObject("Sidebar_Khay/PageLoading_Đang xử lý"), 120): Web element with id: 'Object Repository/Sidebar_Khay/PageLoading_Đang xử lý' located by 'By.xpath: //div[contains(@class,'overlay') and contains(@class,'ng-trigger')]' is not present after '120' second(s)

2023-11-21 14:18:51 - [MESSAGE][PASSED] - Web element with id: 'Object Repository/Sidebar_Khay/PageLoading_Đang xử lý' located by 'By.xpath: //div[contains(@class,'overlay') and contains(@class,'ng-trigger')]' is not present after '120' second(s)

2023-11-21 14:18:51 - [TEST_STEP][PASSED] - click(findTestObject("Sidebar_Khay/Button_Tạo mới")): Object: 'Object Repository/Sidebar_Khay/Button_Tạo mới' is clicked on

2023-11-21 14:18:51 - [MESSAGE][PASSED] - Object: 'Object Repository/Sidebar_Khay/Button_Tạo mới' is clicked on]]></system-out>
         <system-err><![CDATA[]]></system-err>
      </testcase>
      <testcase name="Test Cases/TCs_Luồng cấp mới/TCs_Tìm kiếm và khởi tạo/TCs_Tìm kiếm" time="13.804" classname="Test Cases/TCs_Luồng cấp mới/TCs_Tìm kiếm và khởi tạo/TCs_Tìm kiếm" status="PASSED">
         <system-out><![CDATA[2023-11-21 14:18:51 - [TEST_CASE][PASSED] - Test Cases/TCs_Luồng cấp mới/TCs_Tìm kiếm và khởi tạo/TCs_Tìm kiếm: Test Cases/TCs_Luồng cấp mới/TCs_Tìm kiếm và khởi tạo/TCs_Tìm kiếm

2023-11-21 14:18:51 - [TEST_STEP][PASSED] - callTestCase(findTestCase("TCs_Luồng cấp mới/TCs_Truy cập khay/TCs_Truy cập khay_Yêu cầu cần xử lý"), [:], STOP_ON_FAILURE): Call Test Case 'Test Cases/TCs_Luồng cấp mới/TCs_Truy cập khay/TCs_Truy cập khay_Yêu cầu cần xử lý' successfully

2023-11-21 14:18:51 - [TEST_CASE][PASSED] - Test Cases/TCs_Luồng cấp mới/TCs_Truy cập khay/TCs_Truy cập khay_Yêu cầu cần xử lý: Test Cases/TCs_Luồng cấp mới/TCs_Truy cập khay/TCs_Truy cập khay_Yêu cầu cần xử lý

2023-11-21 14:18:51 - [TEST_STEP][PASSED] - callTestCase(findTestCase("TCs_Luồng cấp mới/TCs_Đăng nhập/Login_Role RM"), ["username_rm":"maidt11_rm", "password_rm":"HeCM15nHKBI="], STOP_ON_FAILURE): Call Test Case 'Test Cases/TCs_Luồng cấp mới/TCs_Đăng nhập/Login_Role RM' successfully

2023-11-21 14:18:51 - [TEST_CASE][PASSED] - Test Cases/TCs_Luồng cấp mới/TCs_Đăng nhập/Login_Role RM: Test Cases/TCs_Luồng cấp mới/TCs_Đăng nhập/Login_Role RM

2023-11-21 14:18:51 - [TEST_STEP][PASSED] - openBrowser(""): Browser is opened with url: ''

2023-11-21 14:18:51 - [MESSAGE][WARNING] - A browser is already opened. Closing browser and opening a new one

2023-11-21 14:18:52 - [MESSAGE][INFO] - Starting 'Chrome' driver

2023-11-21 14:18:52 - [MESSAGE][INFO] - Action delay is set to 0 milliseconds

2023-11-21 14:18:53 - [MESSAGE][PASSED] - Browser is opened with url: ''

2023-11-21 14:18:53 - [TEST_STEP][PASSED] - navigateToUrl(sit_url): Navigate to 'https://digilending-sit.msb.com.vn/v2/' successfully

2023-11-21 14:18:55 - [MESSAGE][PASSED] - Navigate to 'https://digilending-sit.msb.com.vn/v2/' successfully

2023-11-21 14:18:55 - [TEST_STEP][PASSED] - maximizeWindow(): Current window maximized

2023-11-21 14:18:55 - [MESSAGE][PASSED] - Current window maximized

2023-11-21 14:18:55 - [TEST_STEP][PASSED] - setText(findTestObject("Object Repository/Screen_Đăng nhập/input_tài khoản"), username_rm): Text 'maidt11_rm' is set on object 'Object Repository/Screen_Đăng nhập/input_tài khoản'

2023-11-21 14:18:55 - [MESSAGE][PASSED] - Text 'maidt11_rm' is set on object 'Object Repository/Screen_Đăng nhập/input_tài khoản'

2023-11-21 14:18:55 - [TEST_STEP][PASSED] - setEncryptedText(findTestObject("Object Repository/Screen_Đăng nhập/input_mật khẩu"), password_rm): Text ****** has been set on object 'Object Repository/Screen_Đăng nhập/input_mật khẩu'

2023-11-21 14:18:56 - [MESSAGE][PASSED] - Text ****** has been set on object 'Object Repository/Screen_Đăng nhập/input_mật khẩu'

2023-11-21 14:18:56 - [TEST_STEP][PASSED] - click(findTestObject("Screen_Đăng nhập/button_đăng nhập")): Object: 'Object Repository/Screen_Đăng nhập/button_đăng nhập' is clicked on

2023-11-21 14:18:56 - [MESSAGE][PASSED] - Object: 'Object Repository/Screen_Đăng nhập/button_đăng nhập' is clicked on

2023-11-21 14:18:56 - [MESSAGE][PASSED] - Call Test Case 'Test Cases/TCs_Luồng cấp mới/TCs_Đăng nhập/Login_Role RM' successfully

2023-11-21 14:18:56 - [TEST_STEP][PASSED] - click(findTestObject("Sidebar_Khay/sidebar_Yêu cầu đang xử lý")): Object: 'Object Repository/Sidebar_Khay/sidebar_Yêu cầu đang xử lý' is clicked on

2023-11-21 14:18:57 - [MESSAGE][PASSED] - Object: 'Object Repository/Sidebar_Khay/sidebar_Yêu cầu đang xử lý' is clicked on

2023-11-21 14:18:57 - [TEST_STEP][PASSED] - waitForElementNotPresent(findTestObject("Sidebar_Khay/Toast_Thông báo cài extension"), 120): Web element with id: 'Object Repository/Sidebar_Khay/Toast_Thông báo cài extension' located by 'By.xpath: //div[@role='alert']' is not present after '120' second(s)

2023-11-21 14:19:03 - [MESSAGE][PASSED] - Web element with id: 'Object Repository/Sidebar_Khay/Toast_Thông báo cài extension' located by 'By.xpath: //div[@role='alert']' is not present after '120' second(s)

2023-11-21 14:19:03 - [MESSAGE][PASSED] - Call Test Case 'Test Cases/TCs_Luồng cấp mới/TCs_Truy cập khay/TCs_Truy cập khay_Yêu cầu cần xử lý' successfully

2023-11-21 14:19:03 - [TEST_STEP][PASSED] - click(findTestObject("Sidebar_Khay/Button_Tạo yêu cầu")): Object: 'Object Repository/Sidebar_Khay/Button_Tạo yêu cầu' is clicked on

2023-11-21 14:19:03 - [MESSAGE][PASSED] - Object: 'Object Repository/Sidebar_Khay/Button_Tạo yêu cầu' is clicked on

2023-11-21 14:19:03 - [TEST_STEP][PASSED] - setText(findTestObject("Sidebar_Khay/Textbox_Mã định danh"), ma_dinh_danh_1111): Text '1111' is set on object 'Object Repository/Sidebar_Khay/Textbox_Mã định danh'

2023-11-21 14:19:04 - [MESSAGE][PASSED] - Text '1111' is set on object 'Object Repository/Sidebar_Khay/Textbox_Mã định danh'

2023-11-21 14:19:04 - [TEST_STEP][PASSED] - click(findTestObject("Sidebar_Khay/Button_Tìm kiếm")): Object: 'Object Repository/Sidebar_Khay/Button_Tìm kiếm' is clicked on

2023-11-21 14:19:05 - [MESSAGE][PASSED] - Object: 'Object Repository/Sidebar_Khay/Button_Tìm kiếm' is clicked on]]></system-out>
         <system-err><![CDATA[]]></system-err>
      </testcase>
      <system-out><![CDATA[2023-11-21 14:18:15 - [TEST_SUITE][PASSED] - Success_Luồng Thuận: Test Cases/TCs_Luồng cấp mới/TCs_Tìm kiếm và khởi tạo/TCs_Tìm kiếm]]></system-out>
      <system-err><![CDATA[]]></system-err>
   </testsuite>
</testsuites>
